INFO:root:path=dev
INFO:root:Checking dev/assignmismatch-intofchar-ok.out
INFO:root:dev/assignmismatch-intofchar-ok.out Correct!
INFO:root:Checking dev/e1.ret
INFO:root:dev/e1.ret Correct!
INFO:root:Checking dev/stringconst-3.out
INFO:root:dev/stringconst-3.out Correct!
INFO:root:Checking dev/charvals-13.out
INFO:root:dev/charvals-13.out Correct!
INFO:root:Checking dev/stringescapes-8.out
INFO:root:dev/stringescapes-8.out Correct!
INFO:root:Checking dev/charescapevals-6.out
INFO:root:dev/charescapevals-6.out Correct!
INFO:root:Checking dev/charexprprint.out
INFO:root:dev/charexprprint.out Correct!
INFO:root:Checking dev/stringconst-2.out
INFO:root:dev/stringconst-2.out Correct!
INFO:root:Checking dev/stringescapes-1.out
INFO:root:dev/stringescapes-1.out Correct!
INFO:root:Checking dev/charescapevals-2.out
INFO:root:dev/charescapevals-2.out Correct!
INFO:root:Checking dev/stringescapes-2.out
INFO:root:dev/stringescapes-2.out Correct!
INFO:root:Checking dev/charescapevals-7.out
INFO:root:dev/charescapevals-7.out Correct!
INFO:root:Checking dev/charvals-9.out
INFO:root:dev/charvals-9.out Correct!
INFO:root:Checking dev/charescapes-7.out
INFO:root:dev/charescapes-7.out Correct!
INFO:root:Checking dev/charvals-7.out
INFO:root:dev/charvals-7.out Correct!
INFO:root:Checking dev/charvals-2.out
INFO:root:dev/charvals-2.out Correct!
INFO:root:Checking dev/stringconst-1.out
INFO:root:dev/stringconst-1.out Correct!
INFO:root:Checking dev/stringescapes-5.out
INFO:root:dev/stringescapes-5.out Correct!
INFO:root:Checking dev/charescapes-1.out
INFO:root:dev/charescapes-1.out Correct!
INFO:root:Checking dev/charvals-11.out
INFO:root:dev/charvals-11.out Correct!
INFO:root:Checking dev/charexpr-2.out
INFO:root:dev/charexpr-2.out Correct!
INFO:root:Checking dev/stringescapes-7.out
INFO:root:dev/stringescapes-7.out Correct!
INFO:root:Checking dev/e3.ret
INFO:root:dev/e3.ret Correct!
INFO:root:Checking dev/stringescapes-3.out
INFO:root:dev/stringescapes-3.out Correct!
INFO:root:Checking dev/charescapes-8.out
INFO:root:dev/charescapes-8.out Correct!
INFO:root:Checking dev/charvals-10.out
INFO:root:dev/charvals-10.out Correct!
INFO:root:Checking dev/charexpr-1.out
INFO:root:dev/charexpr-1.out Correct!
INFO:root:Checking dev/charvals-1.out
INFO:root:dev/charvals-1.out Correct!
INFO:root:Checking dev/e2.ret
INFO:root:dev/e2.ret Correct!
INFO:root:Checking dev/charvals-4.out
INFO:root:dev/charvals-4.out Correct!
INFO:root:Checking dev/stringescapes-6.out
INFO:root:dev/stringescapes-6.out Correct!
INFO:root:Checking dev/charescapevals-3.out
INFO:root:dev/charescapevals-3.out Correct!
INFO:root:Checking dev/charvals-5.out
INFO:root:dev/charvals-5.out Correct!
INFO:root:Checking dev/externprintstring.out
INFO:root:dev/externprintstring.out Correct!
INFO:root:Checking dev/charvar.out
INFO:root:dev/charvar.out Correct!
INFO:root:Checking dev/stringescapes-9.out
INFO:root:dev/stringescapes-9.out Correct!
INFO:root:Checking dev/charescapevals-5.out
INFO:root:dev/charescapevals-5.out Correct!
INFO:root:Checking dev/charescapevals-1.out
INFO:root:dev/charescapevals-1.out Correct!
INFO:root:Checking dev/charvals-3.out
INFO:root:dev/charvals-3.out Correct!
INFO:root:Checking dev/charescapes-6.out
INFO:root:dev/charescapes-6.out Correct!
INFO:root:Checking dev/e4.ret
INFO:root:dev/e4.ret Correct!
INFO:root:Checking dev/charescapes-3.out
INFO:root:dev/charescapes-3.out Correct!
INFO:root:Checking dev/charescapes-2.out
INFO:root:dev/charescapes-2.out Correct!
INFO:root:Checking dev/default-passes.out
INFO:root:dev/default-passes.out Correct!
INFO:root:Checking dev/charescapevals-8.out
INFO:root:dev/charescapevals-8.out Correct!
INFO:root:Checking dev/charescapevals-4.out
INFO:root:dev/charescapevals-4.out Correct!
INFO:root:Checking dev/returnmismatch-intofchar-ok.out
INFO:root:dev/returnmismatch-intofchar-ok.out Correct!
INFO:root:Checking dev/charescapevals-9.out
INFO:root:dev/charescapevals-9.out Correct!
INFO:root:Checking dev/charexpr-3.out
INFO:root:dev/charexpr-3.out Correct!
INFO:root:Checking dev/charescapes-4.out
INFO:root:dev/charescapes-4.out Correct!
INFO:root:Checking dev/stringescapes-4.out
INFO:root:dev/stringescapes-4.out Correct!
INFO:root:Checking dev/charescapes-5.out
INFO:root:dev/charescapes-5.out Correct!
INFO:root:Checking dev/charescapes-9.out
INFO:root:dev/charescapes-9.out Correct!
INFO:root:Checking dev/charvals-8.out
INFO:root:dev/charvals-8.out Correct!
INFO:root:Checking dev/gcd.out
INFO:root:dev/gcd.out Correct!
INFO:root:Checking dev/charvals-12.out
INFO:root:dev/charvals-12.out Correct!
INFO:root:Checking dev/charvals-6.out
INFO:root:dev/charvals-6.out Correct!
INFO:root:Checking dev/charprint.out
INFO:root:dev/charprint.out Correct!
INFO:root:Checking dev/stringescapequote.out
INFO:root:dev/stringescapequote.out Correct!
